app/seeds.txt
com.bluealeaf.dota2ticker.BuildConfig
com.bluealeaf.dota2ticker.BuildConfig: boolean DEBUG
com.bluealeaf.dota2ticker.BuildConfig: java.lang.String APPLICATION_ID
com.bluealeaf.dota2ticker.BuildConfig: java.lang.String BUILD_TYPE
com.bluealeaf.dota2ticker.BuildConfig: java.lang.String FLAVOR
com.bluealeaf.dota2ticker.BuildConfig: int VERSION_CODE
com.bluealeaf.dota2ticker.BuildConfig: java.lang.String VERSION_NAME
com.bluealeaf.dota2ticker.BuildConfig: BuildConfig()
com.bluealeaf.dota2ticker.MainActivity
com.bluealeaf.dota2ticker.MainActivity: MainActivity()
com.bluealeaf.dota2ticker.MainActivity: void onCreate(android.os.Bundle)
com.bluealeaf.dota2ticker.MainActivity: void onResume()
com.bluealeaf.dota2ticker.MainActivity: void onPause()
com.bluealeaf.dota2ticker.MainActivity: void onDestroy()
com.bluealeaf.dota2ticker.MainActivity: void onSaveInstanceState(android.os.Bundle)
com.bluealeaf.dota2ticker.MainActivity: boolean onCreateOptionsMenu(android.view.Menu)
com.bluealeaf.dota2ticker.MainActivity: boolean onOptionsItemSelected(android.view.MenuItem)
com.bluealeaf.dota2ticker.MainActivity: void OnListReceivedFromDb(com.bluealeaf.dota2ticker.events.PassMatchListFromDBEvent)
com.bluealeaf.dota2ticker.MainActivity: void OnListReceived(com.bluealeaf.dota2ticker.events.UpdateMatchesEvent)
com.bluealeaf.dota2ticker.MainActivity: void OnConnectionError(com.bluealeaf.dota2ticker.events.ConnectionErrorEvent)
com.bluealeaf.dota2ticker.MainActivity: void OnNoNewMatchesReceived(com.bluealeaf.dota2ticker.events.NoNewMatchesEvent)
com.bluealeaf.dota2ticker.MainActivity: void OnError(com.bluealeaf.dota2ticker.events.RestErrorEvent)
com.bluealeaf.dota2ticker.MainActivity: void OnFilteredMatchesReceived(com.bluealeaf.dota2ticker.events.FilteredMatchesEvent)
com.bluealeaf.dota2ticker.MatchDetailsActivity
com.bluealeaf.dota2ticker.MatchDetailsActivity: MatchDetailsActivity()
com.bluealeaf.dota2ticker.MatchDetailsActivity: void onCreate(android.os.Bundle)
com.bluealeaf.dota2ticker.MatchDetailsActivity: boolean onCreateOptionsMenu(android.view.Menu)
com.bluealeaf.dota2ticker.MatchDetailsActivity: void onResume()
com.bluealeaf.dota2ticker.MatchDetailsActivity: void onPause()
com.bluealeaf.dota2ticker.MatchDetailsActivity: void onDestroy()
com.bluealeaf.dota2ticker.R
com.bluealeaf.dota2ticker.R: R()
com.bluealeaf.dota2ticker.R$anim
com.bluealeaf.dota2ticker.R$anim: int abc_fade_in
com.bluealeaf.dota2ticker.R$anim: int abc_fade_out
com.bluealeaf.dota2ticker.R$anim: int abc_slide_in_bottom
com.bluealeaf.dota2ticker.R$anim: int abc_slide_in_top
com.bluealeaf.dota2ticker.R$anim: int abc_slide_out_bottom
com.bluealeaf.dota2ticker.R$anim: int abc_slide_out_top
com.bluealeaf.dota2ticker.R$anim: R$anim()
com.bluealeaf.dota2ticker.R$array
com.bluealeaf.dota2ticker.R$array: int pref_alarm_times
com.bluealeaf.dota2ticker.R$array: R$array()
...
org.joda.time.chrono.StrictChronology
org.joda.time.chrono.StrictChronology: long serialVersionUID
org.joda.time.chrono.StrictChronology: org.joda.time.Chronology iWithUTC
org.joda.time.chrono.StrictChronology: org.joda.time.chrono.StrictChronology getInstance(org.joda.time.Chronology)
org.joda.time.chrono.StrictChronology: StrictChronology(org.joda.time.Chronology)
org.joda.time.chrono.StrictChronology: org.joda.time.Chronology withUTC()
org.joda.time.chrono.StrictChronology: org.joda.time.Chronology withZone(org.joda.time.DateTimeZone)
org.joda.time.chrono.StrictChronology: void assemble(org.joda.time.chrono.AssembledChronology$Fields)
org.joda.time.chrono.StrictChronology: org.joda.time.DateTimeField convertField(org.joda.time.DateTimeField)
org.joda.time.chrono.StrictChronology: boolean equals(java.lang.Object)
org.joda.time.chrono.StrictChronology: int hashCode()
org.joda.time.chrono.StrictChronology: java.lang.String toString()
org.joda.time.chrono.ZonedChronology
org.joda.time.chrono.ZonedChronology: long serialVersionUID
org.joda.time.chrono.ZonedChronology: org.joda.time.chrono.ZonedChronology getInstance(org.joda.time.Chronology,org.joda.time.DateTimeZone)
org.joda.time.chrono.ZonedChronology: boolean useTimeArithmetic(org.joda.time.DurationField)
org.joda.time.chrono.ZonedChronology: ZonedChronology(org.joda.time.Chronology,org.joda.time.DateTimeZone)
org.joda.time.chrono.ZonedChronology: org.joda.time.DateTimeZone getZone()
org.joda.time.chrono.ZonedChronology: org.joda.time.Chronology withUTC()
org.joda.time.chrono.ZonedChronology: org.joda.time.Chronology withZone(org.joda.time.DateTimeZone)
org.joda.time.chrono.ZonedChronology: long getDateTimeMillis(int,int,int,int)
org.joda.time.chrono.ZonedChronology: long getDateTimeMillis(int,int,int,int,int,int,int)
org.joda.time.chrono.ZonedChronology: long getDateTimeMillis(long,int,int,int,int)
org.joda.time.chrono.ZonedChronology: long localToUTC(long)
org.joda.time.chrono.ZonedChronology: void assemble(org.joda.time.chrono.AssembledChronology$Fields)
org.joda.time.chrono.ZonedChronology: org.joda.time.DurationField convertField(org.joda.time.DurationField,java.util.HashMap)
org.joda.time.chrono.ZonedChronology: org.joda.time.DateTimeField convertField(org.joda.time.DateTimeField,java.util.HashMap)
org.joda.time.chrono.ZonedChronology: boolean equals(java.lang.Object)
org.joda.time.chrono.ZonedChronology: int hashCode()
org.joda.time.chrono.ZonedChronology$ZonedDateTimeField
org.joda.time.chrono.ZonedChronology$ZonedDateTimeField: long serialVersionUID
org.joda.time.chrono.ZonedChronology$ZonedDateTimeField: org.joda.time.DateTimeField iField
org.joda.time.chrono.ZonedChronology$ZonedDateTimeField: org.joda.time.DateTimeZone iZone
org.joda.time.chrono.ZonedChronology$ZonedDateTimeField: org.joda.time.DurationField iDurationField
org.joda.time.chrono.ZonedChronology$ZonedDateTimeField: boolean iTimeField
org.joda.time.chrono.ZonedChronology$ZonedDateTimeField: org.joda.time.DurationField iRangeDurationField
org.joda.time.chrono.ZonedChronology$ZonedDateTimeField: org.joda.time.DurationField iLeapDurationField
org.joda.time.chrono.ZonedChronology$ZonedDateTimeField: ZonedChronology$ZonedDateTimeField(org.joda.time.DateTimeField,org.joda.time.DateTimeZone,org.joda.time.DurationField,org.joda.time.DurationField,org.joda.time.DurationField)
org.joda.time.chrono.ZonedChronology$ZonedDateTimeField: boolean isLenient()
org.joda.time.chrono.ZonedChronology$ZonedDateTimeField: int get(long)
org.joda.time.chrono.ZonedChronology$ZonedDateTimeField: java.lang.String getAsText(long,java.util.Locale)
org.joda.time.chrono.ZonedChronology$ZonedDateTimeField: java.lang.String getAsShortText(long,java.util.Locale)
org.joda.time.chrono.ZonedChronology$ZonedDateTimeField: java.lang.String getAsText(int,java.util.Locale)