app/mapping.txt
com.bluealeaf.dota2ticker.BuildConfig -> com.bluealeaf.dota2ticker.BuildConfig:
    boolean DEBUG -> DEBUG
    java.lang.String APPLICATION_ID -> APPLICATION_ID
    java.lang.String BUILD_TYPE -> BUILD_TYPE
    java.lang.String FLAVOR -> FLAVOR
    int VERSION_CODE -> VERSION_CODE
    java.lang.String VERSION_NAME -> VERSION_NAME
com.bluealeaf.dota2ticker.MainActivity -> com.bluealeaf.dota2ticker.MainActivity:
    android.widget.ListView listView -> n
    com.bluealeaf.dota2ticker.adapters.MatchListAdapter adapter -> o
    android.support.v4.widget.SwipeRefreshLayout swipeRefreshLayout -> p
    android.support.v4.widget.SwipeRefreshLayout emptySwipeRefreshLayout -> q
    java.util.ArrayList matches -> r
    boolean isSwiped -> s
    android.content.Context mContext -> t
    android.app.Activity mActivity -> u
    java.lang.String tag -> v
    com.google.android.gms.ads.AdView mAdView -> w
    int top -> x
    int index -> y
    boolean isInstanceSaved -> z
    94:122:void onCreate(android.os.Bundle) -> onCreate
    128:199:void onResume() -> onResume
    204:213:void onPause() -> onPause
    218:221:void onDestroy() -> onDestroy
    225:232:void onSaveInstanceState(android.os.Bundle) -> onSaveInstanceState
    239:287:boolean onCreateOptionsMenu(android.view.Menu) -> onCreateOptionsMenu
    294:299:boolean onOptionsItemSelected(android.view.MenuItem) -> onOptionsItemSelected
    308:314:void OnListReceivedFromDb(com.bluealeaf.dota2ticker.events.PassMatchListFromDBEvent) -> OnListReceivedFromDb
    320:347:void OnListReceived(com.bluealeaf.dota2ticker.events.UpdateMatchesEvent) -> OnListReceived
    351:366:void OnConnectionError(com.bluealeaf.dota2ticker.events.ConnectionErrorEvent) -> OnConnectionError
com.bluealeaf.dota2ticker.MainActivity$1 -> xl:
    com.bluealeaf.dota2ticker.MainActivity this$0 -> a
    106:108:void onAdLoaded() -> onAdLoaded
com.bluealeaf.dota2ticker.MainActivity$2 -> xm:
    com.bluealeaf.dota2ticker.MainActivity this$0 -> a
    144:153:void onRefresh() -> onRefresh
com.bluealeaf.dota2ticker.MainActivity$3 -> xn:
    com.bluealeaf.dota2ticker.MainActivity this$0 -> a
    165:174:void onRefresh() -> onRefresh
com.bluealeaf.dota2ticker.MainActivity$4 -> xo:
    com.bluealeaf.dota2ticker.MainActivity this$0 -> a
    181:187:void onItemClick(android.widget.AdapterView,android.view.View,int,long) -> onItemClick
com.bluealeaf.dota2ticker.MainActivity$5 -> xp:
    android.widget.SearchView val$searchView -> a
    com.bluealeaf.dota2ticker.MainActivity this$0 -> b
    256:258:boolean onMenuItemActionExpand(android.view.MenuItem) -> onMenuItemActionExpand
    266:268:boolean onMenuItemActionCollapse(android.view.MenuItem) -> onMenuItemActionCollapse
com.bluealeaf.dota2ticker.MainActivity$6 -> xq:
    com.bluealeaf.dota2ticker.MainActivity this$0 -> a
    278:278:boolean onQueryTextSubmit(java.lang.String) -> onQueryTextSubmit
    283:284:boolean onQueryTextChange(java.lang.String) -> onQueryTextChange
com.bluealeaf.dota2ticker.MainActivity$7 -> xr:
    com.bluealeaf.dota2ticker.MainActivity this$0 -> a
    335:335:int compare(greendao.Match,greendao.Match) -> a
    332:332:int compare(java.lang.Object,java.lang.Object) -> compare
com.bluealeaf.dota2ticker.MatchDetailsActivity -> com.bluealeaf.dota2ticker.MatchDetailsActivity:
    com.google.android.gms.ads.AdView mAdView -> n
    32:146:void onCreate(android.os.Bundle) -> onCreate
    151:153:boolean onCreateOptionsMenu(android.view.Menu) -> onCreateOptionsMenu
    158:160:void onResume() -> onResume
    164:166:void onPause() -> onPause
    172:174:void onDestroy() -> onDestroy
    25:25:com.google.android.gms.ads.AdView access$000(com.bluealeaf.dota2ticker.MatchDetailsActivity) -> a
com.bluealeaf.dota2ticker.MatchDetailsActivity$1 -> xs:
    greendao.Match val$match -> a
    android.widget.TextView val$status -> b
    com.bluealeaf.dota2ticker.MatchDetailsActivity this$0 -> c
    117:126:void onClick(android.view.View) -> onClick
...
com.google.android.gms.fitness.data.e -> com.google.android.gms.fitness.data.e:
    com.google.android.gms.fitness.data.DataPoint bt(android.os.Parcel) -> bt
    com.google.android.gms.fitness.data.DataPoint[] cM(int) -> cM
    void a(com.google.android.gms.fitness.data.DataPoint,android.os.Parcel,int) -> a
    java.lang.Object[] newArray(int) -> newArray
    java.lang.Object createFromParcel(android.os.Parcel) -> createFromParcel
com.google.android.gms.fitness.data.f -> com.google.android.gms.fitness.data.f:
    com.google.android.gms.fitness.data.DataSet bu(android.os.Parcel) -> bu
    com.google.android.gms.fitness.data.DataSet[] cN(int) -> cN
    void a(com.google.android.gms.fitness.data.DataSet,android.os.Parcel,int) -> a
    java.lang.Object[] newArray(int) -> newArray
    java.lang.Object createFromParcel(android.os.Parcel) -> createFromParcel
com.google.android.gms.fitness.data.g -> com.google.android.gms.fitness.data.g:
    com.google.android.gms.fitness.data.DataSource bv(android.os.Parcel) -> bv
    com.google.android.gms.fitness.data.DataSource[] cO(int) -> cO
    void a(com.google.android.gms.fitness.data.DataSource,android.os.Parcel,int) -> a
    java.lang.Object[] newArray(int) -> newArray
    java.lang.Object createFromParcel(android.os.Parcel) -> createFromParcel
com.google.android.gms.fitness.data.h -> com.google.android.gms.fitness.data.h:
    com.google.android.gms.fitness.data.DataType bw(android.os.Parcel) -> bw
    com.google.android.gms.fitness.data.DataType[] cP(int) -> cP
    void a(com.google.android.gms.fitness.data.DataType,android.os.Parcel,int) -> a
    java.lang.Object[] newArray(int) -> newArray
    java.lang.Object createFromParcel(android.os.Parcel) -> createFromParcel
com.google.android.gms.fitness.data.i -> com.google.android.gms.fitness.data.i:
    com.google.android.gms.fitness.data.Device bx(android.os.Parcel) -> bx
    com.google.android.gms.fitness.data.Device[] cQ(int) -> cQ
    void a(com.google.android.gms.fitness.data.Device,android.os.Parcel,int) -> a
    java.lang.Object[] newArray(int) -> newArray
    java.lang.Object createFromParcel(android.os.Parcel) -> createFromParcel
com.google.android.gms.fitness.data.j -> com.google.android.gms.fitness.data.j:
    com.google.android.gms.fitness.data.Field by(android.os.Parcel) -> by
    com.google.android.gms.fitness.data.Field[] cR(int) -> cR
    void a(com.google.android.gms.fitness.data.Field,android.os.Parcel,int) -> a
    java.lang.Object[] newArray(int) -> newArray
    java.lang.Object createFromParcel(android.os.Parcel) -> createFromParcel
com.google.android.gms.fitness.data.k -> com.google.android.gms.fitness.data.k:
    void c(com.google.android.gms.fitness.data.DataPoint) -> c
com.google.android.gms.fitness.data.k$a -> com.google.android.gms.fitness.data.k$a:
    com.google.android.gms.fitness.data.k aq(android.os.IBinder) -> aq
    android.os.IBinder asBinder() -> asBinder
    boolean onTransact(int,android.os.Parcel,android.os.Parcel,int) -> onTransact
com.google.android.gms.fitness.data.k$a$a -> agv:
    android.os.IBinder le -> a
    android.os.IBinder asBinder() -> asBinder
    void c(com.google.android.gms.fitness.data.DataPoint) -> c
com.google.android.gms.fitness.data.l -> com.google.android.gms.fitness.data.l:
    com.google.android.gms.fitness.request.OnDataPointListener UF -> a
    void c(com.google.android.gms.fitness.data.DataPoint) -> c
com.google.android.gms.fitness.data.l$1 -> agw: